<?xml version="1.0" encoding="UTF-8"?>
<!-- Generated by org.testng.reporters.JUnitReportReporter -->
<testsuite hostname="LAPTOP-O8PBM4OO" failures="0" tests="1" name="testsqlDB.CheckDatabase" time="0.606" errors="0" timestamp="2022-02-27T21:31:38 IST" skipped="0">
  <testcase classname="testsqlDB.CheckDatabase" name="checkdb" time="0.606"/>
  <system-out/>
</testsuite> <!-- testsqlDB.CheckDatabase -->
