<?xml version="1.0" encoding="UTF-8"?>
<!-- Generated by org.testng.reporters.JUnitReportReporter -->
<testsuite hostname="LAPTOP-O8PBM4OO" failures="0" tests="1" name="testNGPrograms.TestNG_Annotations" time="0.007" errors="0" timestamp="2022-02-15T23:49:12 IST" skipped="0">
  <testcase classname="testNGPrograms.TestNG_Annotations" name="checktitle" time="0.007"/>
  <system-out/>
</testsuite> <!-- testNGPrograms.TestNG_Annotations -->
